20:39:18  INFO  manager.ApplicationManager - Tests starts on Chrome Driver
20:39:27  INFO  manager.ApplicationManager - Navigate to link ---> https://ilcarro.xyz/search
20:39:27  INFO  tests.TestBase - Start test --->loginSuccessWithSTR
20:39:27  INFO  manager.MyListener - Start search element --->By.xpath: //a[text()=' Log in ']
20:39:27  INFO  manager.MyListener - The element --->By.xpath: //a[text()=' Log in '] was found
20:39:27  INFO  manager.MyListener - Start search element --->By.xpath: //a[text()=' Log in ']
20:39:27  INFO  manager.MyListener - The element --->By.xpath: //a[text()=' Log in '] was found
20:39:27  INFO  manager.MyListener - Start search element --->By.id: email
20:39:27  INFO  manager.MyListener - The element --->By.id: email was found
20:39:28  INFO  manager.MyListener - Start search element --->By.id: password
20:39:28  INFO  manager.MyListener - The element --->By.id: password was found
20:39:29  INFO  manager.MyListener - Start search element --->By.cssSelector: [type='submit']
20:39:29  INFO  manager.MyListener - The element --->By.cssSelector: [type='submit'] was found
20:39:29  INFO  manager.MyListener - Start search element --->By.cssSelector: .dialog-container
20:39:30  INFO  manager.MyListener - The element --->By.cssSelector: .dialog-container was found
20:39:30  INFO  manager.MyListener - Start search element --->By.cssSelector: .dialog-container h2
20:39:30  INFO  manager.MyListener - The element --->By.cssSelector: .dialog-container h2 was found
20:39:30  INFO  manager.MyListener - Start search element --->By.xpath: //button[text()='Ok']
20:39:30  INFO  manager.MyListener - The element --->By.xpath: //button[text()='Ok'] was found
20:39:30  INFO  manager.MyListener - Start search element --->By.xpath: //button[text()='Ok']
20:39:30  INFO  manager.MyListener - The element --->By.xpath: //button[text()='Ok'] was found
20:39:30  INFO  tests.TestBase - The end of test --->loginSuccessWithSTR
20:39:30  INFO  tests.TestBase - Start test --->loginSuccessWithSTR
20:39:30  INFO  manager.MyListener - Start search element --->By.xpath: //a[text()=' Log in ']
20:39:38  INFO  manager.MyListener - The element --->By.xpath: //a[text()=' Log in '] was found
20:39:38  INFO  manager.MyListener - Start search element --->By.xpath: //a[text()=' Logout ']
20:39:38  INFO  manager.MyListener - The element --->By.xpath: //a[text()=' Logout '] was found
20:39:38  INFO  manager.MyListener - Start search element --->By.xpath: //a[text()=' Log in ']
20:39:38  INFO  manager.MyListener - The element --->By.xpath: //a[text()=' Log in '] was found
20:39:39  INFO  manager.MyListener - Start search element --->By.id: email
20:39:39  INFO  manager.MyListener - The element --->By.id: email was found
20:39:39  INFO  manager.MyListener - Start search element --->By.id: password
20:39:39  INFO  manager.MyListener - The element --->By.id: password was found
20:39:40  INFO  manager.MyListener - Start search element --->By.cssSelector: [type='submit']
20:39:40  INFO  manager.MyListener - The element --->By.cssSelector: [type='submit'] was found
20:39:40  INFO  manager.MyListener - Start search element --->By.cssSelector: .dialog-container
20:39:41  INFO  manager.MyListener - The element --->By.cssSelector: .dialog-container was found
20:39:41  INFO  manager.MyListener - Start search element --->By.cssSelector: .dialog-container h2
20:39:41  INFO  manager.MyListener - The element --->By.cssSelector: .dialog-container h2 was found
20:39:41  INFO  manager.MyListener - Start search element --->By.xpath: //button[text()='Ok']
20:39:41  INFO  manager.MyListener - The element --->By.xpath: //button[text()='Ok'] was found
20:39:41  INFO  manager.MyListener - Start search element --->By.xpath: //button[text()='Ok']
20:39:41  INFO  manager.MyListener - The element --->By.xpath: //button[text()='Ok'] was found
20:39:41  INFO  tests.TestBase - The end of test --->loginSuccessWithSTR
20:39:41  INFO  tests.TestBase - Start test --->loginSuccessWithSTR
20:39:41  INFO  manager.MyListener - Start search element --->By.xpath: //a[text()=' Log in ']
20:39:49  INFO  manager.MyListener - The element --->By.xpath: //a[text()=' Log in '] was found
20:39:49  INFO  manager.MyListener - Start search element --->By.xpath: //a[text()=' Logout ']
20:39:49  INFO  manager.MyListener - The element --->By.xpath: //a[text()=' Logout '] was found
20:39:49  INFO  manager.MyListener - Start search element --->By.xpath: //a[text()=' Log in ']
20:39:49  INFO  manager.MyListener - The element --->By.xpath: //a[text()=' Log in '] was found
20:39:49  INFO  manager.MyListener - Start search element --->By.id: email
20:39:49  INFO  manager.MyListener - The element --->By.id: email was found
20:39:50  INFO  manager.MyListener - Start search element --->By.id: password
20:39:50  INFO  manager.MyListener - The element --->By.id: password was found
20:39:51  INFO  manager.MyListener - Start search element --->By.cssSelector: [type='submit']
20:39:51  INFO  manager.MyListener - The element --->By.cssSelector: [type='submit'] was found
20:39:51  INFO  manager.MyListener - Start search element --->By.cssSelector: .dialog-container
20:39:52  INFO  manager.MyListener - The element --->By.cssSelector: .dialog-container was found
20:39:52  INFO  manager.MyListener - Start search element --->By.cssSelector: .dialog-container h2
20:39:52  INFO  manager.MyListener - The element --->By.cssSelector: .dialog-container h2 was found
20:39:52  INFO  manager.MyListener - Start search element --->By.xpath: //button[text()='Ok']
20:39:52  INFO  manager.MyListener - The element --->By.xpath: //button[text()='Ok'] was found
20:39:52  INFO  manager.MyListener - Start search element --->By.xpath: //button[text()='Ok']
20:39:52  INFO  manager.MyListener - The element --->By.xpath: //button[text()='Ok'] was found
20:39:52  INFO  tests.TestBase - The end of test --->loginSuccessWithSTR
