20:49:34  INFO  manager.ApplicationManager - Tests starts on Chrome Driver
20:49:38  INFO  manager.ApplicationManager - Navigate to link ---> https://ilcarro.xyz/search
20:49:38  INFO  tests.TestBase - Start test --->addNewCarTestPositive
20:49:38  INFO  manager.MyListener - Start search element --->By.xpath: //a[text()=' Log in ']
20:49:38  INFO  manager.MyListener - The element --->By.xpath: //a[text()=' Log in '] was found
20:49:38  INFO  manager.MyListener - Start search element --->By.xpath: //a[text()=' Log in ']
20:49:38  INFO  manager.MyListener - The element --->By.xpath: //a[text()=' Log in '] was found
20:49:38  INFO  manager.MyListener - Start search element --->By.id: email
20:49:38  INFO  manager.MyListener - The element --->By.id: email was found
20:49:39  INFO  manager.MyListener - Start search element --->By.id: password
20:49:39  INFO  manager.MyListener - The element --->By.id: password was found
20:49:39  INFO  manager.MyListener - Start search element --->By.cssSelector: [type='submit']
20:49:39  INFO  manager.MyListener - The element --->By.cssSelector: [type='submit'] was found
20:49:39  INFO  manager.MyListener - Start search element --->By.xpath: //button[text()='Ok']
20:49:40  INFO  manager.MyListener - The element --->By.xpath: //button[text()='Ok'] was found
20:49:40  INFO  manager.MyListener - Start search element --->By.xpath: //button[text()='Ok']
20:49:40  INFO  manager.MyListener - The element --->By.xpath: //button[text()='Ok'] was found
20:49:41  INFO  manager.MyListener - Start search element --->By.id: 1
20:49:41  INFO  manager.MyListener - The element --->By.id: 1 was found
20:49:41  INFO  manager.MyListener - Start search element --->By.cssSelector: h2
20:49:42  INFO  manager.MyListener - The element --->By.cssSelector: h2 was found
20:49:42  INFO  manager.MyListener - Start search element --->By.id: pickUpPlace
20:49:42  INFO  manager.MyListener - The element --->By.id: pickUpPlace was found
20:49:42  INFO  manager.MyListener - Start search element --->By.cssSelector: div.pac-item
20:49:42  INFO  manager.MyListener - The element --->By.cssSelector: div.pac-item was found
20:49:43  INFO  manager.MyListener - Start search element --->By.id: make
20:49:43  INFO  manager.MyListener - The element --->By.id: make was found
20:49:43  INFO  manager.MyListener - Start search element --->By.id: model
20:49:43  INFO  manager.MyListener - The element --->By.id: model was found
20:49:43  INFO  manager.MyListener - Start search element --->By.id: year
20:49:44  INFO  manager.MyListener - The element --->By.id: year was found
20:49:44  INFO  manager.MyListener - Start search element --->By.id: engine
20:49:44  INFO  manager.MyListener - The element --->By.id: engine was found
20:49:44  INFO  manager.MyListener - Start search element --->By.id: fuel
20:49:44  INFO  manager.MyListener - The element --->By.id: fuel was found
20:49:44  INFO  manager.MyListener - Start search element --->By.xpath: .//option[@value = "Petrol"]
20:49:44  INFO  manager.MyListener - The element --->By.xpath: .//option[@value = "Petrol"] was found
20:49:44  INFO  manager.MyListener - Start search element --->By.id: gear
20:49:44  INFO  manager.MyListener - The element --->By.id: gear was found
20:49:44  INFO  manager.MyListener - Start search element --->By.xpath: .//option[@value = "MT"]
20:49:44  INFO  manager.MyListener - The element --->By.xpath: .//option[@value = "MT"] was found
20:49:45  INFO  manager.MyListener - Start search element --->By.id: wheelsDrive
20:49:45  INFO  manager.MyListener - The element --->By.id: wheelsDrive was found
20:49:45  INFO  manager.MyListener - Start search element --->By.xpath: .//option[@value = "AWD"]
20:49:45  INFO  manager.MyListener - The element --->By.xpath: .//option[@value = "AWD"] was found
20:49:45  INFO  manager.MyListener - Start search element --->By.id: doors
20:49:45  INFO  manager.MyListener - The element --->By.id: doors was found
20:49:45  INFO  manager.MyListener - Start search element --->By.id: seats
20:49:45  INFO  manager.MyListener - The element --->By.id: seats was found
20:49:46  INFO  manager.MyListener - Start search element --->By.id: class
20:49:46  INFO  manager.MyListener - The element --->By.id: class was found
20:49:46  INFO  manager.MyListener - Start search element --->By.id: fuelConsumption
20:49:46  INFO  manager.MyListener - The element --->By.id: fuelConsumption was found
20:49:46  INFO  manager.MyListener - Start search element --->By.id: serialNumber
20:49:46  INFO  manager.MyListener - The element --->By.id: serialNumber was found
20:49:47  INFO  manager.MyListener - Start search element --->By.id: price
20:49:47  INFO  manager.MyListener - The element --->By.id: price was found
20:49:47  INFO  manager.MyListener - Start search element --->By.id: distance
20:49:47  INFO  manager.MyListener - The element --->By.id: distance was found
20:49:47  INFO  manager.MyListener - Start search element --->By.cssSelector: .feature-input
20:49:47  INFO  manager.MyListener - The element --->By.cssSelector: .feature-input was found
20:49:48  INFO  manager.MyListener - Start search element --->By.id: about
20:49:48  INFO  manager.MyListener - The element --->By.id: about was found
20:49:48  INFO  manager.MyListener - Start search element --->By.id: photos
20:49:48  INFO  manager.MyListener - The element --->By.id: photos was found
20:49:48  INFO  manager.MyListener - Start search element --->By.cssSelector: [type='submit']
20:49:48  INFO  manager.MyListener - The element --->By.cssSelector: [type='submit'] was found
20:49:50  INFO  manager.MyListener - Start search element --->By.className: dialog-container
20:49:51  INFO  manager.MyListener - The element --->By.className: dialog-container was found
20:49:51  INFO  manager.MyListener - Start search element --->By.cssSelector: .dialog-container h1
20:49:51  INFO  manager.MyListener - The element --->By.cssSelector: .dialog-container h1 was found
20:49:51  INFO  tests.TestBase - The end of test --->addNewCarTestPositive
20:49:51  INFO  tests.TestBase - Start test --->addNewCarTestPositive2
20:49:51  INFO  manager.MyListener - Start search element --->By.xpath: //a[text()=' Log in ']
20:49:59  INFO  manager.MyListener - The element --->By.xpath: //a[text()=' Log in '] was found
20:49:59  INFO  manager.MyListener - Start search element --->By.id: 1
20:49:59  INFO  manager.MyListener - The element --->By.id: 1 was found
20:50:07  INFO  manager.MyListener - We have a throwable --> org.openqa.selenium.ElementNotInteractableException: element not interactable
  (Session info: chrome=96.0.4664.55)
Build info: version: '3.141.59', revision: 'e82be7d358', time: '2018-11-14T08:17:03'
System info: host: 'MacBook-Pro-Taya.local', ip: 'fe80:0:0:0:c0e:d786:7250:7b3a%en0', os.name: 'Mac OS X', os.arch: 'x86_64', os.version: '10.16', java.version: '1.8.0_151'
Driver info: org.openqa.selenium.chrome.ChromeDriver
Capabilities {acceptInsecureCerts: false, browserName: chrome, browserVersion: 96.0.4664.55, chrome: {chromedriverVersion: 96.0.4664.45 (76e4c1bb2ab46..., userDataDir: /var/folders/s_/hl4vhy0959g...}, goog:chromeOptions: {debuggerAddress: localhost:61420}, javascriptEnabled: true, networkConnectionEnabled: false, pageLoadStrategy: normal, platform: MAC, platformName: MAC, proxy: Proxy(), setWindowRect: true, strictFileInteractability: false, timeouts: {implicit: 0, pageLoad: 300000, script: 30000}, unhandledPromptBehavior: dismiss and notify, webauthn:extension:credBlob: true, webauthn:extension:largeBlob: true, webauthn:virtualAuthenticators: true}
Session ID: 9289fa2a08b121d4ae5ef138c6dadf29
20:50:08  INFO  manager.MyListener - Screenshot with throwable -->src/test/screenshots/screenshot-3007.png
20:50:08  INFO  tests.TestBase - The end of test --->addNewCarTestPositive2
20:50:08  INFO  tests.TestBase - Start test --->loginSuccessWithModel
20:50:08  INFO  manager.MyListener - Start search element --->By.xpath: //a[text()=' Log in ']
20:50:16  INFO  manager.MyListener - The element --->By.xpath: //a[text()=' Log in '] was found
20:50:16  INFO  manager.MyListener - Start search element --->By.xpath: //a[text()=' Logout ']
20:50:16  INFO  manager.MyListener - The element --->By.xpath: //a[text()=' Logout '] was found
20:50:22  INFO  tests.TestBase - With user --> User{name='null', lastname='null', email='noa@gmail.com', password='Nnoa12345$'}
20:50:22  INFO  manager.MyListener - Start search element --->By.xpath: //a[text()=' Log in ']
20:50:22  INFO  manager.MyListener - The element --->By.xpath: //a[text()=' Log in '] was found
20:50:22  INFO  manager.MyListener - Start search element --->By.id: email
20:50:22  INFO  manager.MyListener - The element --->By.id: email was found
20:50:23  INFO  manager.MyListener - Start search element --->By.id: password
20:50:23  INFO  manager.MyListener - The element --->By.id: password was found
20:50:23  INFO  manager.MyListener - Start search element --->By.cssSelector: [type='submit']
20:50:24  INFO  manager.MyListener - The element --->By.cssSelector: [type='submit'] was found
20:50:24  INFO  manager.MyListener - Start search element --->By.cssSelector: .dialog-container
20:50:24  INFO  manager.MyListener - The element --->By.cssSelector: .dialog-container was found
20:50:24  INFO  manager.MyListener - Start search element --->By.cssSelector: .dialog-container h2
20:50:24  INFO  manager.MyListener - The element --->By.cssSelector: .dialog-container h2 was found
20:50:24  INFO  manager.MyListener - Start search element --->By.xpath: //button[text()='Ok']
20:50:24  INFO  manager.MyListener - The element --->By.xpath: //button[text()='Ok'] was found
20:50:24  INFO  manager.MyListener - Start search element --->By.xpath: //button[text()='Ok']
20:50:25  INFO  manager.MyListener - The element --->By.xpath: //button[text()='Ok'] was found
20:50:25  INFO  tests.TestBase - The end of test --->loginSuccessWithModel
20:50:25  INFO  tests.TestBase - Start test --->loginSuccessWithModel
20:50:25  INFO  manager.MyListener - Start search element --->By.xpath: //a[text()=' Log in ']
20:50:33  INFO  manager.MyListener - The element --->By.xpath: //a[text()=' Log in '] was found
20:50:33  INFO  manager.MyListener - Start search element --->By.xpath: //a[text()=' Logout ']
20:50:33  INFO  manager.MyListener - The element --->By.xpath: //a[text()=' Logout '] was found
20:50:33  INFO  tests.TestBase - With user --> User{name='null', lastname='null', email='noa@gmail.com', password='Nnoa12345$'}
20:50:33  INFO  manager.MyListener - Start search element --->By.xpath: //a[text()=' Log in ']
20:50:33  INFO  manager.MyListener - The element --->By.xpath: //a[text()=' Log in '] was found
20:50:33  INFO  manager.MyListener - Start search element --->By.id: email
20:50:33  INFO  manager.MyListener - The element --->By.id: email was found
20:50:33  INFO  manager.MyListener - Start search element --->By.id: password
20:50:34  INFO  manager.MyListener - The element --->By.id: password was found
20:50:34  INFO  manager.MyListener - Start search element --->By.cssSelector: [type='submit']
20:50:34  INFO  manager.MyListener - The element --->By.cssSelector: [type='submit'] was found
20:50:34  INFO  manager.MyListener - Start search element --->By.cssSelector: .dialog-container
20:50:35  INFO  manager.MyListener - The element --->By.cssSelector: .dialog-container was found
20:50:35  INFO  manager.MyListener - Start search element --->By.cssSelector: .dialog-container h2
20:50:35  INFO  manager.MyListener - The element --->By.cssSelector: .dialog-container h2 was found
20:50:35  INFO  manager.MyListener - Start search element --->By.xpath: //button[text()='Ok']
20:50:35  INFO  manager.MyListener - The element --->By.xpath: //button[text()='Ok'] was found
20:50:35  INFO  manager.MyListener - Start search element --->By.xpath: //button[text()='Ok']
20:50:35  INFO  manager.MyListener - The element --->By.xpath: //button[text()='Ok'] was found
20:50:35  INFO  tests.TestBase - The end of test --->loginSuccessWithModel
20:50:35  INFO  tests.TestBase - Start test --->loginSuccessWithSTR
20:50:35  INFO  manager.MyListener - Start search element --->By.xpath: //a[text()=' Log in ']
20:50:43  INFO  manager.MyListener - The element --->By.xpath: //a[text()=' Log in '] was found
20:50:43  INFO  manager.MyListener - Start search element --->By.xpath: //a[text()=' Logout ']
20:50:43  INFO  manager.MyListener - The element --->By.xpath: //a[text()=' Logout '] was found
20:50:43  INFO  tests.TestBase - Start with email -->noa@gmail.comWith password --->Nnoa12345$
20:50:43  INFO  manager.MyListener - Start search element --->By.xpath: //a[text()=' Log in ']
20:50:43  INFO  manager.MyListener - The element --->By.xpath: //a[text()=' Log in '] was found
20:50:43  INFO  manager.MyListener - Start search element --->By.id: email
20:50:43  INFO  manager.MyListener - The element --->By.id: email was found
20:50:44  INFO  manager.MyListener - Start search element --->By.id: password
20:50:44  INFO  manager.MyListener - The element --->By.id: password was found
20:50:44  INFO  manager.MyListener - Start search element --->By.cssSelector: [type='submit']
20:50:44  INFO  manager.MyListener - The element --->By.cssSelector: [type='submit'] was found
20:50:45  INFO  manager.MyListener - Start search element --->By.cssSelector: .dialog-container
20:50:45  INFO  manager.MyListener - The element --->By.cssSelector: .dialog-container was found
20:50:45  INFO  manager.MyListener - Start search element --->By.cssSelector: .dialog-container h2
20:50:45  INFO  manager.MyListener - The element --->By.cssSelector: .dialog-container h2 was found
20:50:45  INFO  manager.MyListener - Start search element --->By.xpath: //button[text()='Ok']
20:50:45  INFO  manager.MyListener - The element --->By.xpath: //button[text()='Ok'] was found
20:50:45  INFO  manager.MyListener - Start search element --->By.xpath: //button[text()='Ok']
20:50:45  INFO  manager.MyListener - The element --->By.xpath: //button[text()='Ok'] was found
20:50:46  INFO  tests.TestBase - The end of test --->loginSuccessWithSTR
20:50:46  INFO  tests.TestBase - Start test --->loginSuccessWithSTR
20:50:46  INFO  manager.MyListener - Start search element --->By.xpath: //a[text()=' Log in ']
20:50:54  INFO  manager.MyListener - The element --->By.xpath: //a[text()=' Log in '] was found
20:50:54  INFO  manager.MyListener - Start search element --->By.xpath: //a[text()=' Logout ']
20:50:54  INFO  manager.MyListener - The element --->By.xpath: //a[text()=' Logout '] was found
20:50:54  INFO  tests.TestBase - Start with email -->noa@gmail.comWith password --->Nnoa12345$
20:50:54  INFO  manager.MyListener - Start search element --->By.xpath: //a[text()=' Log in ']
20:50:54  INFO  manager.MyListener - The element --->By.xpath: //a[text()=' Log in '] was found
20:50:54  INFO  manager.MyListener - Start search element --->By.id: email
20:50:54  INFO  manager.MyListener - The element --->By.id: email was found
20:50:55  INFO  manager.MyListener - Start search element --->By.id: password
20:50:55  INFO  manager.MyListener - The element --->By.id: password was found
20:50:55  INFO  manager.MyListener - Start search element --->By.cssSelector: [type='submit']
20:50:55  INFO  manager.MyListener - The element --->By.cssSelector: [type='submit'] was found
20:50:55  INFO  manager.MyListener - Start search element --->By.cssSelector: .dialog-container
20:50:56  INFO  manager.MyListener - The element --->By.cssSelector: .dialog-container was found
20:50:56  INFO  manager.MyListener - Start search element --->By.cssSelector: .dialog-container h2
20:50:56  INFO  manager.MyListener - The element --->By.cssSelector: .dialog-container h2 was found
20:50:56  INFO  manager.MyListener - Start search element --->By.xpath: //button[text()='Ok']
20:50:56  INFO  manager.MyListener - The element --->By.xpath: //button[text()='Ok'] was found
20:50:56  INFO  manager.MyListener - Start search element --->By.xpath: //button[text()='Ok']
20:50:56  INFO  manager.MyListener - The element --->By.xpath: //button[text()='Ok'] was found
20:50:56  INFO  tests.TestBase - The end of test --->loginSuccessWithSTR
20:50:56  INFO  tests.TestBase - Start test --->loginSuccessWithSTR
20:50:56  INFO  manager.MyListener - Start search element --->By.xpath: //a[text()=' Log in ']
20:51:04  INFO  manager.MyListener - The element --->By.xpath: //a[text()=' Log in '] was found
20:51:04  INFO  manager.MyListener - Start search element --->By.xpath: //a[text()=' Logout ']
20:51:04  INFO  manager.MyListener - The element --->By.xpath: //a[text()=' Logout '] was found
20:51:04  INFO  tests.TestBase - Start with email -->noa@gmail.comWith password --->Nnoa12345$
20:51:04  INFO  manager.MyListener - Start search element --->By.xpath: //a[text()=' Log in ']
20:51:04  INFO  manager.MyListener - The element --->By.xpath: //a[text()=' Log in '] was found
20:51:05  INFO  manager.MyListener - Start search element --->By.id: email
20:51:05  INFO  manager.MyListener - The element --->By.id: email was found
20:51:05  INFO  manager.MyListener - Start search element --->By.id: password
20:51:05  INFO  manager.MyListener - The element --->By.id: password was found
20:51:05  INFO  manager.MyListener - Start search element --->By.cssSelector: [type='submit']
20:51:05  INFO  manager.MyListener - The element --->By.cssSelector: [type='submit'] was found
20:51:05  INFO  manager.MyListener - Start search element --->By.cssSelector: .dialog-container
20:51:06  INFO  manager.MyListener - The element --->By.cssSelector: .dialog-container was found
20:51:06  INFO  manager.MyListener - Start search element --->By.cssSelector: .dialog-container h2
20:51:06  INFO  manager.MyListener - The element --->By.cssSelector: .dialog-container h2 was found
20:51:06  INFO  manager.MyListener - Start search element --->By.xpath: //button[text()='Ok']
20:51:06  INFO  manager.MyListener - The element --->By.xpath: //button[text()='Ok'] was found
20:51:06  INFO  manager.MyListener - Start search element --->By.xpath: //button[text()='Ok']
20:51:06  INFO  manager.MyListener - The element --->By.xpath: //button[text()='Ok'] was found
20:51:06  INFO  tests.TestBase - The end of test --->loginSuccessWithSTR
20:51:06  INFO  tests.TestBase - Start test --->registrationPasswordTest
20:51:06  INFO  manager.MyListener - Start search element --->By.xpath: //a[text()=' Log in ']
20:51:14  INFO  manager.MyListener - The element --->By.xpath: //a[text()=' Log in '] was found
20:51:14  INFO  manager.MyListener - Start search element --->By.xpath: //a[text()=' Logout ']
20:51:14  INFO  manager.MyListener - The element --->By.xpath: //a[text()=' Logout '] was found
20:51:14  INFO  manager.MyListener - Start search element --->By.xpath: //a[text()=' Sign up ']
20:51:14  INFO  manager.MyListener - The element --->By.xpath: //a[text()=' Sign up '] was found
20:51:14  INFO  manager.MyListener - Start search element --->By.id: name
20:51:15  INFO  manager.MyListener - The element --->By.id: name was found
20:51:15  INFO  manager.MyListener - Start search element --->By.id: lastName
20:51:15  INFO  manager.MyListener - The element --->By.id: lastName was found
20:51:16  INFO  manager.MyListener - Start search element --->By.id: email
20:51:16  INFO  manager.MyListener - The element --->By.id: email was found
20:51:16  INFO  manager.MyListener - Start search element --->By.id: password
20:51:16  INFO  manager.MyListener - The element --->By.id: password was found
20:51:17  INFO  manager.MyListener - Start search element --->By.xpath: //label[@for='terms-of-use']
20:51:17  INFO  manager.MyListener - The element --->By.xpath: //label[@for='terms-of-use'] was found
20:51:17  INFO  manager.MyListener - Start search element --->By.xpath: //*[text()='Password must contain minimum 8 symbols']
20:51:17  INFO  manager.MyListener - The element --->By.xpath: //*[text()='Password must contain minimum 8 symbols'] was found
20:51:17  INFO  manager.MyListener - Start search element --->By.xpath: //button[@type='submit']
20:51:17  INFO  manager.MyListener - The element --->By.xpath: //button[@type='submit'] was found
20:51:17  INFO  manager.MyListener - Start search element --->By.xpath: //button[text()='Ok']
20:51:25  INFO  manager.MyListener - The element --->By.xpath: //button[text()='Ok'] was found
20:51:25  INFO  tests.TestBase - The end of test --->registrationPasswordTest
20:51:25  INFO  tests.TestBase - Start test --->registrationSuccessTest
20:51:25  INFO  manager.MyListener - Start search element --->By.xpath: //a[text()=' Log in ']
20:51:25  INFO  manager.MyListener - The element --->By.xpath: //a[text()=' Log in '] was found
20:51:25  INFO  tests.TestBase - User{name='Sonya', lastname='Snow', email='winter3@gmail.com', password='Ww12345~'}
20:51:25  INFO  manager.MyListener - Start search element --->By.xpath: //a[text()=' Sign up ']
20:51:25  INFO  manager.MyListener - The element --->By.xpath: //a[text()=' Sign up '] was found
20:51:25  INFO  manager.MyListener - Start search element --->By.id: name
20:51:25  INFO  manager.MyListener - The element --->By.id: name was found
20:51:26  INFO  manager.MyListener - Start search element --->By.id: lastName
20:51:26  INFO  manager.MyListener - The element --->By.id: lastName was found
20:51:26  INFO  manager.MyListener - Start search element --->By.id: email
20:51:26  INFO  manager.MyListener - The element --->By.id: email was found
20:51:27  INFO  manager.MyListener - Start search element --->By.id: password
20:51:27  INFO  manager.MyListener - The element --->By.id: password was found
20:51:27  INFO  manager.MyListener - Start search element --->By.xpath: //label[@for='terms-of-use']
20:51:27  INFO  manager.MyListener - The element --->By.xpath: //label[@for='terms-of-use'] was found
20:51:28  INFO  manager.MyListener - Start search element --->By.cssSelector: [type='submit']
20:51:28  INFO  manager.MyListener - The element --->By.cssSelector: [type='submit'] was found
20:51:28  INFO  manager.MyListener - Start search element --->By.cssSelector: .dialog-container
20:51:28  INFO  manager.MyListener - The element --->By.cssSelector: .dialog-container was found
20:51:28  INFO  manager.MyListener - Start search element --->By.cssSelector: .dialog-container h1
20:51:28  INFO  manager.MyListener - The element --->By.cssSelector: .dialog-container h1 was found
20:51:28  INFO  manager.MyListener - Start search element --->By.xpath: //button[text()='Ok']
20:51:28  INFO  manager.MyListener - The element --->By.xpath: //button[text()='Ok'] was found
20:51:28  INFO  manager.MyListener - Start search element --->By.xpath: //button[text()='Ok']
20:51:28  INFO  manager.MyListener - The element --->By.xpath: //button[text()='Ok'] was found
20:51:28  INFO  tests.TestBase - The end of test --->registrationSuccessTest
20:51:28  INFO  tests.TestBase - Start test --->registrationSuccessTest
20:51:28  INFO  manager.MyListener - Start search element --->By.xpath: //a[text()=' Log in ']
20:51:36  INFO  manager.MyListener - The element --->By.xpath: //a[text()=' Log in '] was found
20:51:36  INFO  manager.MyListener - Start search element --->By.xpath: //a[text()=' Logout ']
20:51:36  INFO  manager.MyListener - The element --->By.xpath: //a[text()=' Logout '] was found
20:51:36  INFO  tests.TestBase - User{name='Sonya', lastname='Snow', email='winter4@gmail.com', password='Ww12345~'}
20:51:36  INFO  manager.MyListener - Start search element --->By.xpath: //a[text()=' Sign up ']
20:51:36  INFO  manager.MyListener - The element --->By.xpath: //a[text()=' Sign up '] was found
20:51:37  INFO  manager.MyListener - Start search element --->By.id: name
20:51:37  INFO  manager.MyListener - The element --->By.id: name was found
20:51:37  INFO  manager.MyListener - Start search element --->By.id: lastName
20:51:37  INFO  manager.MyListener - The element --->By.id: lastName was found
20:51:37  INFO  manager.MyListener - Start search element --->By.id: email
20:51:37  INFO  manager.MyListener - The element --->By.id: email was found
20:51:38  INFO  manager.MyListener - Start search element --->By.id: password
20:51:38  INFO  manager.MyListener - The element --->By.id: password was found
20:51:38  INFO  manager.MyListener - Start search element --->By.xpath: //label[@for='terms-of-use']
20:51:38  INFO  manager.MyListener - The element --->By.xpath: //label[@for='terms-of-use'] was found
20:51:38  INFO  manager.MyListener - Start search element --->By.cssSelector: [type='submit']
20:51:38  INFO  manager.MyListener - The element --->By.cssSelector: [type='submit'] was found
20:51:38  INFO  manager.MyListener - Start search element --->By.cssSelector: .dialog-container
20:51:38  INFO  manager.MyListener - The element --->By.cssSelector: .dialog-container was found
20:51:38  INFO  manager.MyListener - Start search element --->By.cssSelector: .dialog-container h1
20:51:38  INFO  manager.MyListener - The element --->By.cssSelector: .dialog-container h1 was found
20:51:39  INFO  manager.MyListener - Start search element --->By.xpath: //button[text()='Ok']
20:51:39  INFO  manager.MyListener - The element --->By.xpath: //button[text()='Ok'] was found
20:51:39  INFO  manager.MyListener - Start search element --->By.xpath: //button[text()='Ok']
20:51:39  INFO  manager.MyListener - The element --->By.xpath: //button[text()='Ok'] was found
20:51:39  INFO  tests.TestBase - The end of test --->registrationSuccessTest
20:51:39  INFO  tests.TestBase - Start test --->registrationSuccessTest
20:51:39  INFO  manager.MyListener - Start search element --->By.xpath: //a[text()=' Log in ']
20:51:47  INFO  manager.MyListener - The element --->By.xpath: //a[text()=' Log in '] was found
20:51:47  INFO  manager.MyListener - Start search element --->By.xpath: //a[text()=' Logout ']
20:51:47  INFO  manager.MyListener - The element --->By.xpath: //a[text()=' Logout '] was found
20:51:47  INFO  tests.TestBase - User{name='Sonya', lastname='Snow', email='winter5@gmail.com', password='Ww12345~'}
20:51:47  INFO  manager.MyListener - Start search element --->By.xpath: //a[text()=' Sign up ']
20:51:47  INFO  manager.MyListener - The element --->By.xpath: //a[text()=' Sign up '] was found
20:51:47  INFO  manager.MyListener - Start search element --->By.id: name
20:51:47  INFO  manager.MyListener - The element --->By.id: name was found
20:51:47  INFO  manager.MyListener - Start search element --->By.id: lastName
20:51:47  INFO  manager.MyListener - The element --->By.id: lastName was found
20:51:47  INFO  manager.MyListener - Start search element --->By.id: email
20:51:47  INFO  manager.MyListener - The element --->By.id: email was found
20:51:48  INFO  manager.MyListener - Start search element --->By.id: password
20:51:48  INFO  manager.MyListener - The element --->By.id: password was found
20:51:48  INFO  manager.MyListener - Start search element --->By.xpath: //label[@for='terms-of-use']
20:51:48  INFO  manager.MyListener - The element --->By.xpath: //label[@for='terms-of-use'] was found
20:51:48  INFO  manager.MyListener - Start search element --->By.cssSelector: [type='submit']
20:51:48  INFO  manager.MyListener - The element --->By.cssSelector: [type='submit'] was found
20:51:48  INFO  manager.MyListener - Start search element --->By.cssSelector: .dialog-container
20:51:48  INFO  manager.MyListener - The element --->By.cssSelector: .dialog-container was found
20:51:48  INFO  manager.MyListener - Start search element --->By.cssSelector: .dialog-container h1
20:51:48  INFO  manager.MyListener - The element --->By.cssSelector: .dialog-container h1 was found
20:51:48  INFO  manager.MyListener - Start search element --->By.xpath: //button[text()='Ok']
20:51:48  INFO  manager.MyListener - The element --->By.xpath: //button[text()='Ok'] was found
20:51:48  INFO  manager.MyListener - Start search element --->By.xpath: //button[text()='Ok']
20:51:48  INFO  manager.MyListener - The element --->By.xpath: //button[text()='Ok'] was found
20:51:48  INFO  tests.TestBase - The end of test --->registrationSuccessTest
20:51:48  INFO  tests.TestBase - Start test --->searchTestYear
20:51:48  INFO  manager.MyListener - Start search element --->By.id: city
20:51:57  INFO  manager.MyListener - We have a throwable --> org.openqa.selenium.NoSuchElementException: no such element: Unable to locate element: {"method":"css selector","selector":"#city"}
  (Session info: chrome=96.0.4664.55)
For documentation on this error, please visit: https://www.seleniumhq.org/exceptions/no_such_element.html
Build info: version: '3.141.59', revision: 'e82be7d358', time: '2018-11-14T08:17:03'
System info: host: 'MacBook-Pro-Taya.local', ip: 'fe80:0:0:0:c0e:d786:7250:7b3a%en0', os.name: 'Mac OS X', os.arch: 'x86_64', os.version: '10.16', java.version: '1.8.0_151'
Driver info: org.openqa.selenium.chrome.ChromeDriver
Capabilities {acceptInsecureCerts: false, browserName: chrome, browserVersion: 96.0.4664.55, chrome: {chromedriverVersion: 96.0.4664.45 (76e4c1bb2ab46..., userDataDir: /var/folders/s_/hl4vhy0959g...}, goog:chromeOptions: {debuggerAddress: localhost:61420}, javascriptEnabled: true, networkConnectionEnabled: false, pageLoadStrategy: normal, platform: MAC, platformName: MAC, proxy: Proxy(), setWindowRect: true, strictFileInteractability: false, timeouts: {implicit: 0, pageLoad: 300000, script: 30000}, unhandledPromptBehavior: dismiss and notify, webauthn:extension:credBlob: true, webauthn:extension:largeBlob: true, webauthn:virtualAuthenticators: true}
Session ID: 9289fa2a08b121d4ae5ef138c6dadf29
*** Element info: {Using=id, value=city}
20:51:57  INFO  manager.MyListener - Screenshot with throwable -->src/test/screenshots/screenshot-3117.png
20:51:57  INFO  manager.MyListener - Start search element --->By.cssSelector: .logo
20:51:57  INFO  manager.MyListener - The element --->By.cssSelector: .logo was found
20:51:58  INFO  tests.TestBase - The end of test --->searchTestYear
20:51:58  INFO  tests.TestBase - Start test --->searchTests
20:51:58  INFO  manager.MyListener - Start search element --->By.id: city
20:51:58  INFO  manager.MyListener - The element --->By.id: city was found
20:51:59  INFO  manager.MyListener - Start search element --->By.cssSelector: div.pac-item
20:51:59  INFO  manager.MyListener - The element --->By.cssSelector: div.pac-item was found
20:52:00  INFO  manager.MyListener - Start search element --->By.id: dates
20:52:00  INFO  manager.MyListener - The element --->By.id: dates was found
20:52:00  INFO  manager.MyListener - Start search element --->By.xpath: //div[.=' 25 ']
20:52:00  INFO  manager.MyListener - The element --->By.xpath: //div[.=' 25 '] was found
20:52:00  INFO  manager.MyListener - Start search element --->By.xpath: //button[@aria-label='Next month']
20:52:00  INFO  manager.MyListener - The element --->By.xpath: //button[@aria-label='Next month'] was found
20:52:00  INFO  manager.MyListener - Start search element --->By.xpath: //div[.=' 27 ']
20:52:00  INFO  manager.MyListener - The element --->By.xpath: //div[.=' 27 '] was found
20:52:01  INFO  manager.MyListener - Start search element --->By.cssSelector: [type='submit']
20:52:01  INFO  manager.MyListener - The element --->By.cssSelector: [type='submit'] was found
20:52:01  INFO  manager.MyListener - Start search element --->By.cssSelector: .cars-container
20:52:02  INFO  manager.MyListener - The element --->By.cssSelector: .cars-container was found
20:52:02  INFO  manager.MyListener - Start search element --->By.cssSelector: .logo
20:52:02  INFO  manager.MyListener - The element --->By.cssSelector: .logo was found
20:52:03  INFO  tests.TestBase - The end of test --->searchTests
20:52:03  INFO  tests.TestBase - Start test --->test
20:52:03  INFO  manager.MyListener - Start search element --->By.cssSelector: .logo
20:52:03  INFO  manager.MyListener - The element --->By.cssSelector: .logo was found
20:52:03  INFO  tests.TestBase - The end of test --->test
