15:46:07  INFO  manager.ApplicationManager - Tests starts on Chrome Driver
15:46:09  INFO  manager.ApplicationManager - Navigate to link ---> https://ilcarro.xyz/search
15:46:09  INFO  tests.TestBase - Start test --->registrationPositiveTest
15:46:09  INFO  manager.MyListener - Start search element --->By.xpath: //a[text()=' Sign up ']
15:46:09  INFO  manager.MyListener - The element --->By.xpath: //a[text()=' Sign up '] was found
15:46:09  INFO  manager.MyListener - Start search element --->By.id: name
15:46:09  INFO  manager.MyListener - The element --->By.id: name was found
15:46:10  INFO  manager.MyListener - Start search element --->By.id: lastName
15:46:10  INFO  manager.MyListener - The element --->By.id: lastName was found
15:46:10  INFO  manager.MyListener - Start search element --->By.id: email
15:46:10  INFO  manager.MyListener - The element --->By.id: email was found
15:46:10  INFO  manager.MyListener - Start search element --->By.id: password
15:46:10  INFO  manager.MyListener - The element --->By.id: password was found
15:46:10  INFO  manager.MyListener - Start search element --->By.cssSelector: .checkbox-container
15:46:10  INFO  manager.MyListener - The element --->By.cssSelector: .checkbox-container was found
15:46:11  INFO  manager.MyListener - Start search element --->By.cssSelector: [type='submit']
15:46:11  INFO  manager.MyListener - The element --->By.cssSelector: [type='submit'] was found
15:46:11  INFO  manager.MyListener - Start search element --->By.cssSelector: .dialog-container
15:46:11  INFO  manager.MyListener - The element --->By.cssSelector: .dialog-container was found
15:46:11  INFO  manager.MyListener - Start search element --->By.cssSelector: .dialog-container h1
15:46:11  INFO  manager.MyListener - The element --->By.cssSelector: .dialog-container h1 was found
15:46:11  INFO  manager.MyListener - Start search element --->By.xpath: //button[text()='Ok']
15:46:11  INFO  manager.MyListener - The element --->By.xpath: //button[text()='Ok'] was found
15:46:11  INFO  manager.MyListener - Start search element --->By.xpath: //button[text()='Ok']
15:46:11  INFO  manager.MyListener - The element --->By.xpath: //button[text()='Ok'] was found
15:46:12  INFO  tests.TestBase - The end of test --->registrationPositiveTest
15:46:12  INFO  manager.ApplicationManager - The browser  has been closed
15:46:25  INFO  manager.ApplicationManager - Tests starts on Chrome Driver
15:46:28  INFO  manager.ApplicationManager - Navigate to link ---> https://ilcarro.xyz/search
15:46:28  INFO  tests.TestBase - Start test --->registrationPasswordTest
15:46:28  INFO  manager.MyListener - Start search element --->By.xpath: //a[text()=' Sign up ']
15:46:28  INFO  manager.MyListener - The element --->By.xpath: //a[text()=' Sign up '] was found
15:46:28  INFO  manager.MyListener - Start search element --->By.id: name
15:46:28  INFO  manager.MyListener - The element --->By.id: name was found
15:46:28  INFO  manager.MyListener - Start search element --->By.id: lastName
15:46:28  INFO  manager.MyListener - The element --->By.id: lastName was found
15:46:29  INFO  manager.MyListener - Start search element --->By.id: email
15:46:29  INFO  manager.MyListener - The element --->By.id: email was found
15:46:29  INFO  manager.MyListener - Start search element --->By.id: password
15:46:29  INFO  manager.MyListener - The element --->By.id: password was found
15:46:29  INFO  manager.MyListener - Start search element --->By.cssSelector: .checkbox-container
15:46:29  INFO  manager.MyListener - The element --->By.cssSelector: .checkbox-container was found
15:46:29  INFO  manager.MyListener - Start search element --->By.cssSelector: [type='submit']
15:46:29  INFO  manager.MyListener - The element --->By.cssSelector: [type='submit'] was found
15:46:40  INFO  manager.MyListener - Start search element --->By.xpath: //button[text()='Ok']
15:46:48  INFO  manager.MyListener - The element --->By.xpath: //button[text()='Ok'] was found
15:46:48  INFO  tests.TestBase - The end of test --->registrationPasswordTest
15:46:48  INFO  manager.ApplicationManager - The browser  has been closed
