18:52:17  INFO  manager.ApplicationManager - Tests starts on Chrome Driver
18:52:20  INFO  manager.ApplicationManager - Navigate to link ---> https://ilcarro.xyz/search
18:52:20  INFO  tests.TestBase - Start test --->searchTestYear
18:52:20  INFO  manager.MyListener - Start search element --->By.id: city
18:52:20  INFO  manager.MyListener - The element --->By.id: city was found
18:52:21  INFO  manager.MyListener - Start search element --->By.cssSelector: div.pac-item
18:52:21  INFO  manager.MyListener - The element --->By.cssSelector: div.pac-item was found
18:52:22  INFO  manager.MyListener - Start search element --->By.id: dates
18:52:22  INFO  manager.MyListener - The element --->By.id: dates was found
18:52:22  INFO  manager.MyListener - Start search element --->By.xpath: //button[@aria-label='Next month']
18:52:22  INFO  manager.MyListener - The element --->By.xpath: //button[@aria-label='Next month'] was found
18:52:22  INFO  manager.MyListener - Start search element --->By.xpath: //div[.=' 25 ']
18:52:22  INFO  manager.MyListener - The element --->By.xpath: //div[.=' 25 '] was found
18:52:22  INFO  manager.MyListener - Start search element --->By.xpath: //button[@aria-label='Next month']
18:52:22  INFO  manager.MyListener - The element --->By.xpath: //button[@aria-label='Next month'] was found
18:52:23  INFO  manager.MyListener - Start search element --->By.xpath: //button[@aria-label='Next month']
18:52:23  INFO  manager.MyListener - The element --->By.xpath: //button[@aria-label='Next month'] was found
18:52:23  INFO  manager.MyListener - Start search element --->By.xpath: //div[.=' 27 ']
18:52:23  INFO  manager.MyListener - The element --->By.xpath: //div[.=' 27 '] was found
18:52:28  INFO  manager.MyListener - Start search element --->By.cssSelector: .logo
18:52:28  INFO  manager.MyListener - The element --->By.cssSelector: .logo was found
18:52:29  INFO  tests.TestBase - The end of test --->searchTestYear
