15:54:12  INFO  manager.ApplicationManager - Tests starts on Chrome Driver
15:54:15  INFO  manager.ApplicationManager - Navigate to link ---> https://ilcarro.xyz/search
15:54:15  INFO  tests.TestBase - Start test --->addNewCarTestPositive2
15:54:15  INFO  manager.MyListener - Start search element --->By.xpath: //a[text()=' Log in ']
15:54:15  INFO  manager.MyListener - The element --->By.xpath: //a[text()=' Log in '] was found
15:54:15  INFO  manager.MyListener - Start search element --->By.xpath: //a[text()=' Log in ']
15:54:15  INFO  manager.MyListener - The element --->By.xpath: //a[text()=' Log in '] was found
15:54:15  INFO  manager.MyListener - Start search element --->By.id: email
15:54:15  INFO  manager.MyListener - The element --->By.id: email was found
15:54:15  INFO  manager.MyListener - Start search element --->By.id: password
15:54:15  INFO  manager.MyListener - The element --->By.id: password was found
15:54:15  INFO  manager.MyListener - Start search element --->By.cssSelector: [type='submit']
15:54:15  INFO  manager.MyListener - The element --->By.cssSelector: [type='submit'] was found
15:54:16  INFO  manager.MyListener - Start search element --->By.xpath: //button[text()='Ok']
15:54:16  INFO  manager.MyListener - The element --->By.xpath: //button[text()='Ok'] was found
15:54:16  INFO  manager.MyListener - Start search element --->By.xpath: //button[text()='Ok']
15:54:16  INFO  manager.MyListener - The element --->By.xpath: //button[text()='Ok'] was found
15:54:18  INFO  manager.MyListener - Start search element --->By.id: 1
15:54:18  INFO  manager.MyListener - The element --->By.id: 1 was found
15:54:18  INFO  manager.MyListener - Start search element --->By.cssSelector: h2
15:54:18  INFO  manager.MyListener - The element --->By.cssSelector: h2 was found
15:54:18  INFO  manager.MyListener - Start search element --->By.id: pickUpPlace
15:54:18  INFO  manager.MyListener - The element --->By.id: pickUpPlace was found
15:54:18  INFO  manager.MyListener - Start search element --->By.cssSelector: div.pac-item
15:54:18  INFO  manager.MyListener - The element --->By.cssSelector: div.pac-item was found
15:54:19  INFO  manager.MyListener - Start search element --->By.id: make
15:54:19  INFO  manager.MyListener - The element --->By.id: make was found
15:54:19  INFO  manager.MyListener - Start search element --->By.id: model
15:54:19  INFO  manager.MyListener - The element --->By.id: model was found
15:54:19  INFO  manager.MyListener - Start search element --->By.id: year
15:54:19  INFO  manager.MyListener - The element --->By.id: year was found
15:54:20  INFO  manager.MyListener - Start search element --->By.id: engine
15:54:20  INFO  manager.MyListener - The element --->By.id: engine was found
15:54:20  INFO  manager.MyListener - Start search element --->By.id: fuel
15:54:20  INFO  manager.MyListener - The element --->By.id: fuel was found
15:54:20  INFO  manager.MyListener - Start search element --->By.xpath: .//option[@value = "Petrol"]
15:54:20  INFO  manager.MyListener - The element --->By.xpath: .//option[@value = "Petrol"] was found
15:54:20  INFO  manager.MyListener - Start search element --->By.id: gear
15:54:20  INFO  manager.MyListener - The element --->By.id: gear was found
15:54:20  INFO  manager.MyListener - Start search element --->By.xpath: .//option[@value = "MT"]
15:54:20  INFO  manager.MyListener - The element --->By.xpath: .//option[@value = "MT"] was found
15:54:20  INFO  manager.MyListener - Start search element --->By.id: wheelsDrive
15:54:20  INFO  manager.MyListener - The element --->By.id: wheelsDrive was found
15:54:20  INFO  manager.MyListener - Start search element --->By.xpath: .//option[@value = "AWD"]
15:54:20  INFO  manager.MyListener - The element --->By.xpath: .//option[@value = "AWD"] was found
15:54:20  INFO  manager.MyListener - Start search element --->By.id: doors
15:54:20  INFO  manager.MyListener - The element --->By.id: doors was found
15:54:20  INFO  manager.MyListener - Start search element --->By.id: seats
15:54:20  INFO  manager.MyListener - The element --->By.id: seats was found
15:54:21  INFO  manager.MyListener - Start search element --->By.id: class
15:54:21  INFO  manager.MyListener - The element --->By.id: class was found
15:54:21  INFO  manager.MyListener - Start search element --->By.id: fuelConsumption
15:54:21  INFO  manager.MyListener - The element --->By.id: fuelConsumption was found
15:54:21  INFO  manager.MyListener - Start search element --->By.id: serialNumber
15:54:21  INFO  manager.MyListener - The element --->By.id: serialNumber was found
15:54:21  INFO  manager.MyListener - Start search element --->By.id: price
15:54:21  INFO  manager.MyListener - The element --->By.id: price was found
15:54:21  INFO  manager.MyListener - Start search element --->By.id: distance
15:54:21  INFO  manager.MyListener - The element --->By.id: distance was found
15:54:21  INFO  manager.MyListener - Start search element --->By.cssSelector: .feature-input
15:54:21  INFO  manager.MyListener - The element --->By.cssSelector: .feature-input was found
15:54:22  INFO  manager.MyListener - Start search element --->By.id: about
15:54:22  INFO  manager.MyListener - The element --->By.id: about was found
15:54:22  INFO  manager.MyListener - Start search element --->By.id: photos
15:54:22  INFO  manager.MyListener - The element --->By.id: photos was found
15:54:22  INFO  manager.MyListener - Start search element --->By.cssSelector: [type='submit']
15:54:22  INFO  manager.MyListener - The element --->By.cssSelector: [type='submit'] was found
15:54:23  INFO  manager.MyListener - Start search element --->By.className: dialog-container
15:54:25  INFO  manager.MyListener - The element --->By.className: dialog-container was found
15:54:25  INFO  manager.MyListener - Start search element --->By.cssSelector: .dialog-container h1
15:54:25  INFO  manager.MyListener - The element --->By.cssSelector: .dialog-container h1 was found
15:54:25  INFO  tests.TestBase - The end of test --->addNewCarTestPositive2
15:54:25  INFO  manager.ApplicationManager - The browser  has been closed
