20:46:34  INFO  manager.ApplicationManager - Tests starts on Chrome Driver
20:46:41  INFO  manager.ApplicationManager - Navigate to link ---> https://ilcarro.xyz/search
20:46:41  INFO  tests.TestBase - Start test --->addNewCarTestPositive
20:46:41  INFO  manager.MyListener - Start search element --->By.xpath: //a[text()=' Log in ']
20:46:41  INFO  manager.MyListener - The element --->By.xpath: //a[text()=' Log in '] was found
20:46:41  INFO  manager.MyListener - Start search element --->By.xpath: //a[text()=' Log in ']
20:46:41  INFO  manager.MyListener - The element --->By.xpath: //a[text()=' Log in '] was found
20:46:41  INFO  manager.MyListener - Start search element --->By.id: email
20:46:41  INFO  manager.MyListener - The element --->By.id: email was found
20:46:42  INFO  manager.MyListener - Start search element --->By.id: password
20:46:42  INFO  manager.MyListener - The element --->By.id: password was found
20:46:42  INFO  manager.MyListener - Start search element --->By.cssSelector: [type='submit']
20:46:42  INFO  manager.MyListener - The element --->By.cssSelector: [type='submit'] was found
20:46:42  INFO  manager.MyListener - Start search element --->By.xpath: //button[text()='Ok']
20:46:42  INFO  manager.MyListener - The element --->By.xpath: //button[text()='Ok'] was found
20:46:42  INFO  manager.MyListener - Start search element --->By.xpath: //button[text()='Ok']
20:46:42  INFO  manager.MyListener - The element --->By.xpath: //button[text()='Ok'] was found
20:46:44  INFO  manager.MyListener - Start search element --->By.id: 1
20:46:44  INFO  manager.MyListener - The element --->By.id: 1 was found
20:46:44  INFO  manager.MyListener - Start search element --->By.cssSelector: h2
20:46:44  INFO  manager.MyListener - The element --->By.cssSelector: h2 was found
20:46:44  INFO  manager.MyListener - Start search element --->By.id: pickUpPlace
20:46:44  INFO  manager.MyListener - The element --->By.id: pickUpPlace was found
20:46:44  INFO  manager.MyListener - Start search element --->By.cssSelector: div.pac-item
20:46:44  INFO  manager.MyListener - The element --->By.cssSelector: div.pac-item was found
20:46:45  INFO  manager.MyListener - Start search element --->By.id: make
20:46:45  INFO  manager.MyListener - The element --->By.id: make was found
20:46:45  INFO  manager.MyListener - Start search element --->By.id: model
20:46:45  INFO  manager.MyListener - The element --->By.id: model was found
20:46:46  INFO  manager.MyListener - Start search element --->By.id: year
20:46:46  INFO  manager.MyListener - The element --->By.id: year was found
20:46:46  INFO  manager.MyListener - Start search element --->By.id: engine
20:46:46  INFO  manager.MyListener - The element --->By.id: engine was found
20:46:47  INFO  manager.MyListener - Start search element --->By.id: fuel
20:46:47  INFO  manager.MyListener - The element --->By.id: fuel was found
20:46:47  INFO  manager.MyListener - Start search element --->By.xpath: .//option[@value = "Petrol"]
20:46:47  INFO  manager.MyListener - The element --->By.xpath: .//option[@value = "Petrol"] was found
20:46:47  INFO  manager.MyListener - Start search element --->By.id: gear
20:46:47  INFO  manager.MyListener - The element --->By.id: gear was found
20:46:47  INFO  manager.MyListener - Start search element --->By.xpath: .//option[@value = "MT"]
20:46:47  INFO  manager.MyListener - The element --->By.xpath: .//option[@value = "MT"] was found
20:46:47  INFO  manager.MyListener - Start search element --->By.id: wheelsDrive
20:46:47  INFO  manager.MyListener - The element --->By.id: wheelsDrive was found
20:46:47  INFO  manager.MyListener - Start search element --->By.xpath: .//option[@value = "AWD"]
20:46:47  INFO  manager.MyListener - The element --->By.xpath: .//option[@value = "AWD"] was found
20:46:47  INFO  manager.MyListener - Start search element --->By.id: doors
20:46:47  INFO  manager.MyListener - The element --->By.id: doors was found
20:46:48  INFO  manager.MyListener - Start search element --->By.id: seats
20:46:48  INFO  manager.MyListener - The element --->By.id: seats was found
20:46:48  INFO  manager.MyListener - Start search element --->By.id: class
20:46:48  INFO  manager.MyListener - The element --->By.id: class was found
20:46:48  INFO  manager.MyListener - Start search element --->By.id: fuelConsumption
20:46:48  INFO  manager.MyListener - The element --->By.id: fuelConsumption was found
20:46:48  INFO  manager.MyListener - Start search element --->By.id: serialNumber
20:46:49  INFO  manager.MyListener - The element --->By.id: serialNumber was found
20:46:49  INFO  manager.MyListener - Start search element --->By.id: price
20:46:49  INFO  manager.MyListener - The element --->By.id: price was found
20:46:49  INFO  manager.MyListener - Start search element --->By.id: distance
20:46:49  INFO  manager.MyListener - The element --->By.id: distance was found
20:46:50  INFO  manager.MyListener - Start search element --->By.cssSelector: .feature-input
20:46:50  INFO  manager.MyListener - The element --->By.cssSelector: .feature-input was found
20:46:50  INFO  manager.MyListener - Start search element --->By.id: about
20:46:50  INFO  manager.MyListener - The element --->By.id: about was found
20:46:50  INFO  manager.MyListener - Start search element --->By.id: photos
20:46:50  INFO  manager.MyListener - The element --->By.id: photos was found
20:46:50  INFO  manager.MyListener - Start search element --->By.cssSelector: [type='submit']
20:46:50  INFO  manager.MyListener - The element --->By.cssSelector: [type='submit'] was found
20:46:52  INFO  manager.MyListener - Start search element --->By.className: dialog-container
20:46:53  INFO  manager.MyListener - The element --->By.className: dialog-container was found
20:46:53  INFO  manager.MyListener - Start search element --->By.cssSelector: .dialog-container h1
20:46:53  INFO  manager.MyListener - The element --->By.cssSelector: .dialog-container h1 was found
20:46:53  INFO  tests.TestBase - The end of test --->addNewCarTestPositive
20:46:53  INFO  tests.TestBase - Start test --->addNewCarTestPositive2
20:46:53  INFO  manager.MyListener - Start search element --->By.xpath: //a[text()=' Log in ']
20:47:01  INFO  manager.MyListener - The element --->By.xpath: //a[text()=' Log in '] was found
20:47:01  INFO  manager.MyListener - Start search element --->By.id: 1
20:47:01  INFO  manager.MyListener - The element --->By.id: 1 was found
20:47:09  INFO  manager.MyListener - We have a throwable --> org.openqa.selenium.ElementNotInteractableException: element not interactable
  (Session info: chrome=96.0.4664.55)
Build info: version: '3.141.59', revision: 'e82be7d358', time: '2018-11-14T08:17:03'
System info: host: 'MacBook-Pro-Taya.local', ip: 'fe80:0:0:0:c0e:d786:7250:7b3a%en0', os.name: 'Mac OS X', os.arch: 'x86_64', os.version: '10.16', java.version: '1.8.0_151'
Driver info: org.openqa.selenium.chrome.ChromeDriver
Capabilities {acceptInsecureCerts: false, browserName: chrome, browserVersion: 96.0.4664.55, chrome: {chromedriverVersion: 96.0.4664.45 (76e4c1bb2ab46..., userDataDir: /var/folders/s_/hl4vhy0959g...}, goog:chromeOptions: {debuggerAddress: localhost:61376}, javascriptEnabled: true, networkConnectionEnabled: false, pageLoadStrategy: normal, platform: MAC, platformName: MAC, proxy: Proxy(), setWindowRect: true, strictFileInteractability: false, timeouts: {implicit: 0, pageLoad: 300000, script: 30000}, unhandledPromptBehavior: dismiss and notify, webauthn:extension:credBlob: true, webauthn:extension:largeBlob: true, webauthn:virtualAuthenticators: true}
Session ID: 76d3cd713b2fcc41575524745e3bcd53
20:47:09  INFO  manager.MyListener - Screenshot with throwable -->src/test/screenshots/screenshot-2829.png
20:47:09  INFO  tests.TestBase - The end of test --->addNewCarTestPositive2
20:47:09  INFO  tests.TestBase - Start test --->loginSuccessWithModel
20:47:09  INFO  manager.MyListener - Start search element --->By.xpath: //a[text()=' Log in ']
20:47:17  INFO  manager.MyListener - The element --->By.xpath: //a[text()=' Log in '] was found
20:47:17  INFO  manager.MyListener - Start search element --->By.xpath: //a[text()=' Logout ']
20:47:17  INFO  manager.MyListener - The element --->By.xpath: //a[text()=' Logout '] was found
20:47:25  INFO  manager.MyListener - We have a throwable --> org.openqa.selenium.ElementNotInteractableException: element not interactable
  (Session info: chrome=96.0.4664.55)
Build info: version: '3.141.59', revision: 'e82be7d358', time: '2018-11-14T08:17:03'
System info: host: 'MacBook-Pro-Taya.local', ip: 'fe80:0:0:0:c0e:d786:7250:7b3a%en0', os.name: 'Mac OS X', os.arch: 'x86_64', os.version: '10.16', java.version: '1.8.0_151'
Driver info: org.openqa.selenium.chrome.ChromeDriver
Capabilities {acceptInsecureCerts: false, browserName: chrome, browserVersion: 96.0.4664.55, chrome: {chromedriverVersion: 96.0.4664.45 (76e4c1bb2ab46..., userDataDir: /var/folders/s_/hl4vhy0959g...}, goog:chromeOptions: {debuggerAddress: localhost:61376}, javascriptEnabled: true, networkConnectionEnabled: false, pageLoadStrategy: normal, platform: MAC, platformName: MAC, proxy: Proxy(), setWindowRect: true, strictFileInteractability: false, timeouts: {implicit: 0, pageLoad: 300000, script: 30000}, unhandledPromptBehavior: dismiss and notify, webauthn:extension:credBlob: true, webauthn:extension:largeBlob: true, webauthn:virtualAuthenticators: true}
Session ID: 76d3cd713b2fcc41575524745e3bcd53
20:47:25  INFO  manager.MyListener - Screenshot with throwable -->src/test/screenshots/screenshot-2845.png
