16:09:03  INFO  manager.ApplicationManager - Tests starts on Chrome Driver
16:09:05  INFO  manager.ApplicationManager - Navigate to link ---> https://ilcarro.xyz/search
16:09:05  INFO  tests.TestBase - Start test --->searchTests
16:09:05  INFO  manager.MyListener - Start search element --->By.id: city
16:09:05  INFO  manager.MyListener - The element --->By.id: city was found
16:09:05  INFO  manager.MyListener - Start search element --->By.cssSelector: div.pac-item
16:09:05  INFO  manager.MyListener - The element --->By.cssSelector: div.pac-item was found
16:09:06  INFO  manager.MyListener - Start search element --->By.id: dates
16:09:06  INFO  manager.MyListener - The element --->By.id: dates was found
16:09:06  INFO  manager.MyListener - Start search element --->By.xpath: //div[.=' 25 ']
16:09:06  INFO  manager.MyListener - The element --->By.xpath: //div[.=' 25 '] was found
16:09:06  INFO  manager.MyListener - Start search element --->By.xpath: //button[@aria-label='Next month']
16:09:06  INFO  manager.MyListener - The element --->By.xpath: //button[@aria-label='Next month'] was found
16:09:07  INFO  manager.MyListener - Start search element --->By.xpath: //div[.=' 27 ']
16:09:07  INFO  manager.MyListener - The element --->By.xpath: //div[.=' 27 '] was found
16:09:07  INFO  manager.MyListener - Start search element --->By.cssSelector: [type='submit']
16:09:07  INFO  manager.MyListener - The element --->By.cssSelector: [type='submit'] was found
16:09:07  INFO  manager.MyListener - Start search element --->By.cssSelector: .cars-container
16:09:15  INFO  manager.MyListener - The element --->By.cssSelector: .cars-container was found
16:09:15  INFO  manager.MyListener - Start search element --->By.cssSelector: .logo
16:09:15  INFO  manager.MyListener - The element --->By.cssSelector: .logo was found
16:09:16  INFO  tests.TestBase - The end of test --->searchTests
