18:54:57  INFO  manager.ApplicationManager - Tests starts on Chrome Driver
18:55:01  INFO  manager.ApplicationManager - Navigate to link ---> https://ilcarro.xyz/search
18:55:01  INFO  tests.TestBase - Start test --->searchTestYear
18:55:01  INFO  manager.MyListener - Start search element --->By.id: city
18:55:01  INFO  manager.MyListener - The element --->By.id: city was found
18:55:02  INFO  manager.MyListener - Start search element --->By.cssSelector: div.pac-item
18:55:02  INFO  manager.MyListener - The element --->By.cssSelector: div.pac-item was found
18:55:03  INFO  manager.MyListener - Start search element --->By.id: dates
18:55:03  INFO  manager.MyListener - The element --->By.id: dates was found
18:55:03  INFO  manager.MyListener - Start search element --->By.xpath: //button[@aria-label='Next month']
18:55:03  INFO  manager.MyListener - The element --->By.xpath: //button[@aria-label='Next month'] was found
18:55:03  INFO  manager.MyListener - Start search element --->By.xpath: //div[.=' 12 ']
18:55:04  INFO  manager.MyListener - The element --->By.xpath: //div[.=' 12 '] was found
18:55:04  INFO  manager.MyListener - Start search element --->By.xpath: //button[@aria-label='Next month']
18:55:04  INFO  manager.MyListener - The element --->By.xpath: //button[@aria-label='Next month'] was found
18:55:04  INFO  manager.MyListener - Start search element --->By.xpath: //button[@aria-label='Next month']
18:55:04  INFO  manager.MyListener - The element --->By.xpath: //button[@aria-label='Next month'] was found
18:55:04  INFO  manager.MyListener - Start search element --->By.xpath: //button[@aria-label='Next month']
18:55:04  INFO  manager.MyListener - The element --->By.xpath: //button[@aria-label='Next month'] was found
18:55:04  INFO  manager.MyListener - Start search element --->By.xpath: //button[@aria-label='Next month']
18:55:04  INFO  manager.MyListener - The element --->By.xpath: //button[@aria-label='Next month'] was found
18:55:04  INFO  manager.MyListener - Start search element --->By.xpath: //button[@aria-label='Next month']
18:55:04  INFO  manager.MyListener - The element --->By.xpath: //button[@aria-label='Next month'] was found
18:55:04  INFO  manager.MyListener - Start search element --->By.xpath: //button[@aria-label='Next month']
18:55:04  INFO  manager.MyListener - The element --->By.xpath: //button[@aria-label='Next month'] was found
18:55:04  INFO  manager.MyListener - Start search element --->By.xpath: //div[.=' 6 ']
18:55:04  INFO  manager.MyListener - The element --->By.xpath: //div[.=' 6 '] was found
18:55:10  INFO  manager.MyListener - Start search element --->By.cssSelector: .logo
18:55:10  INFO  manager.MyListener - The element --->By.cssSelector: .logo was found
18:55:10  INFO  tests.TestBase - The end of test --->searchTestYear
