16:11:46  INFO  manager.ApplicationManager - Tests starts on Chrome Driver
16:11:49  INFO  manager.ApplicationManager - Navigate to link ---> https://ilcarro.xyz/search
16:11:49  INFO  tests.TestBase - Start test --->searchTests
16:11:49  INFO  manager.MyListener - Start search element --->By.id: city
16:11:49  INFO  manager.MyListener - The element --->By.id: city was found
16:11:49  INFO  manager.MyListener - Start search element --->By.cssSelector: div.pac-item
16:11:49  INFO  manager.MyListener - The element --->By.cssSelector: div.pac-item was found
16:11:50  INFO  manager.MyListener - Start search element --->By.id: dates
16:11:50  INFO  manager.MyListener - The element --->By.id: dates was found
16:11:50  INFO  manager.MyListener - Start search element --->By.xpath: //div[.=' 25 ']
16:11:50  INFO  manager.MyListener - The element --->By.xpath: //div[.=' 25 '] was found
16:11:50  INFO  manager.MyListener - Start search element --->By.xpath: //button[@aria-label='Next month']
16:11:50  INFO  manager.MyListener - The element --->By.xpath: //button[@aria-label='Next month'] was found
16:11:50  INFO  manager.MyListener - Start search element --->By.xpath: //div[.=' 27 ']
16:11:51  INFO  manager.MyListener - The element --->By.xpath: //div[.=' 27 '] was found
16:11:51  INFO  manager.MyListener - Start search element --->By.cssSelector: [type='submit']
16:11:51  INFO  manager.MyListener - The element --->By.cssSelector: [type='submit'] was found
16:11:51  INFO  manager.MyListener - Start search element --->By.cssSelector: .cars-container
16:11:52  INFO  manager.MyListener - The element --->By.cssSelector: .cars-container was found
16:11:52  INFO  manager.MyListener - Start search element --->By.cssSelector: .cars-container
16:11:52  INFO  manager.MyListener - The element --->By.cssSelector: .cars-container was found
16:11:52  INFO  manager.MyListener - Start search element --->By.cssSelector: .logo
16:11:52  INFO  manager.MyListener - The element --->By.cssSelector: .logo was found
16:11:52  INFO  tests.TestBase - The end of test --->searchTests
