18:53:43  INFO  manager.ApplicationManager - Tests starts on Chrome Driver
18:53:47  INFO  manager.ApplicationManager - Navigate to link ---> https://ilcarro.xyz/search
18:53:47  INFO  tests.TestBase - Start test --->searchTestYear
18:53:47  INFO  manager.MyListener - Start search element --->By.id: city
18:53:47  INFO  manager.MyListener - The element --->By.id: city was found
18:53:47  INFO  manager.MyListener - Start search element --->By.cssSelector: div.pac-item
18:53:48  INFO  manager.MyListener - The element --->By.cssSelector: div.pac-item was found
18:53:48  INFO  manager.MyListener - Start search element --->By.id: dates
18:53:48  INFO  manager.MyListener - The element --->By.id: dates was found
18:53:49  INFO  manager.MyListener - Start search element --->By.xpath: //button[@aria-label='Next month']
18:53:49  INFO  manager.MyListener - The element --->By.xpath: //button[@aria-label='Next month'] was found
18:53:49  INFO  manager.MyListener - Start search element --->By.xpath: //div[.=' 25 ']
18:53:49  INFO  manager.MyListener - The element --->By.xpath: //div[.=' 25 '] was found
18:53:49  INFO  manager.MyListener - Start search element --->By.xpath: //button[@aria-label='Next month']
18:53:49  INFO  manager.MyListener - The element --->By.xpath: //button[@aria-label='Next month'] was found
18:53:49  INFO  manager.MyListener - Start search element --->By.xpath: //button[@aria-label='Next month']
18:53:49  INFO  manager.MyListener - The element --->By.xpath: //button[@aria-label='Next month'] was found
18:53:49  INFO  manager.MyListener - Start search element --->By.xpath: //div[.=' 27 ']
18:53:49  INFO  manager.MyListener - The element --->By.xpath: //div[.=' 27 '] was found
18:53:55  INFO  manager.MyListener - Start search element --->By.cssSelector: .logo
18:53:55  INFO  manager.MyListener - The element --->By.cssSelector: .logo was found
18:53:55  INFO  tests.TestBase - The end of test --->searchTestYear
