15:15:15  INFO  manager.ApplicationManager - Tests starts on Chrome Driver
15:15:18  INFO  manager.ApplicationManager - Navigate to link ---> https://ilcarro.xyz/search
15:15:18  INFO  tests.TestBase - Start test --->searchTests
15:15:18  INFO  manager.MyListener - Start search element --->By.id: city
15:15:18  INFO  manager.MyListener - The element --->By.id: city was found
15:15:19  INFO  manager.MyListener - Start search element --->By.cssSelector: div.pac-item
15:15:19  INFO  manager.MyListener - The element --->By.cssSelector: div.pac-item was found
15:15:20  INFO  manager.MyListener - Start search element --->By.id: dates
15:15:20  INFO  manager.MyListener - The element --->By.id: dates was found
15:15:20  INFO  manager.MyListener - Start search element --->By.xpath: //div[.=' 25 ']
15:15:20  INFO  manager.MyListener - The element --->By.xpath: //div[.=' 25 '] was found
15:15:20  INFO  manager.MyListener - Start search element --->By.xpath: //button[@aria-label='Next month']
15:15:20  INFO  manager.MyListener - The element --->By.xpath: //button[@aria-label='Next month'] was found
15:15:20  INFO  manager.MyListener - Start search element --->By.xpath: //div[.=' 27 ']
15:15:20  INFO  manager.MyListener - The element --->By.xpath: //div[.=' 27 '] was found
15:15:20  INFO  manager.MyListener - Start search element --->By.cssSelector: [type='submit']
15:15:21  INFO  manager.MyListener - The element --->By.cssSelector: [type='submit'] was found
15:15:21  INFO  manager.MyListener - Start search element --->By.cssSelector: .cars-container
15:15:29  INFO  manager.MyListener - The element --->By.cssSelector: .cars-container was found
15:15:29  INFO  manager.MyListener - Start search element --->By.cssSelector: .logo
15:15:29  INFO  manager.MyListener - The element --->By.cssSelector: .logo was found
15:15:29  INFO  tests.TestBase - The end of test --->searchTests
