14:13:49  INFO  manager.ApplicationManager - Tests starts on Chrome Driver
14:13:51  INFO  manager.ApplicationManager - Navigate to link ---> https://ilcarro.xyz/search
14:13:51  INFO  tests.TestBase - Start test --->loginSuccessWithModel
14:13:51  INFO  manager.MyListener - Start search element --->By.xpath: //a[text()=' Log in ']
14:13:51  INFO  manager.MyListener - The element --->By.xpath: //a[text()=' Log in '] was found
14:13:51  INFO  tests.TestBase - With user --> User{name='null', lastname='null', email='noa@gmail.com', password='Nnoa12345$'}
14:13:51  INFO  manager.MyListener - Start search element --->By.xpath: //a[text()=' Log in ']
14:13:51  INFO  manager.MyListener - The element --->By.xpath: //a[text()=' Log in '] was found
14:13:51  INFO  manager.MyListener - Start search element --->By.id: email
14:13:51  INFO  manager.MyListener - The element --->By.id: email was found
14:13:52  INFO  manager.MyListener - Start search element --->By.id: password
14:13:52  INFO  manager.MyListener - The element --->By.id: password was found
14:13:52  INFO  manager.MyListener - Start search element --->By.cssSelector: [type='submit']
14:13:52  INFO  manager.MyListener - The element --->By.cssSelector: [type='submit'] was found
14:13:52  INFO  manager.MyListener - Start search element --->By.cssSelector: .dialog-container
14:13:53  INFO  manager.MyListener - The element --->By.cssSelector: .dialog-container was found
14:13:53  INFO  manager.MyListener - Start search element --->By.cssSelector: .dialog-container h2
14:13:53  INFO  manager.MyListener - The element --->By.cssSelector: .dialog-container h2 was found
14:13:53  INFO  manager.MyListener - Start search element --->By.xpath: //button[text()='Ok']
14:13:53  INFO  manager.MyListener - The element --->By.xpath: //button[text()='Ok'] was found
14:13:53  INFO  manager.MyListener - Start search element --->By.xpath: //button[text()='Ok']
14:13:53  INFO  manager.MyListener - The element --->By.xpath: //button[text()='Ok'] was found
14:13:53  INFO  tests.TestBase - The end of test --->loginSuccessWithModel
14:13:53  INFO  tests.TestBase - Start test --->loginSuccessWithModel
14:13:53  INFO  manager.MyListener - Start search element --->By.xpath: //a[text()=' Log in ']
14:14:01  INFO  manager.MyListener - The element --->By.xpath: //a[text()=' Log in '] was found
14:14:01  INFO  manager.MyListener - Start search element --->By.xpath: //a[text()=' Logout ']
14:14:01  INFO  manager.MyListener - The element --->By.xpath: //a[text()=' Logout '] was found
14:14:01  INFO  tests.TestBase - With user --> User{name='null', lastname='null', email='noa@gmail.com', password='Nnoa12345$'}
14:14:01  INFO  manager.MyListener - Start search element --->By.xpath: //a[text()=' Log in ']
14:14:01  INFO  manager.MyListener - The element --->By.xpath: //a[text()=' Log in '] was found
14:14:01  INFO  manager.MyListener - Start search element --->By.id: email
14:14:01  INFO  manager.MyListener - The element --->By.id: email was found
14:14:02  INFO  manager.MyListener - Start search element --->By.id: password
14:14:02  INFO  manager.MyListener - The element --->By.id: password was found
14:14:02  INFO  manager.MyListener - Start search element --->By.cssSelector: [type='submit']
14:14:02  INFO  manager.MyListener - The element --->By.cssSelector: [type='submit'] was found
14:14:02  INFO  manager.MyListener - Start search element --->By.cssSelector: .dialog-container
14:14:03  INFO  manager.MyListener - The element --->By.cssSelector: .dialog-container was found
14:14:03  INFO  manager.MyListener - Start search element --->By.cssSelector: .dialog-container h2
14:14:03  INFO  manager.MyListener - The element --->By.cssSelector: .dialog-container h2 was found
14:14:03  INFO  manager.MyListener - Start search element --->By.xpath: //button[text()='Ok']
14:14:03  INFO  manager.MyListener - The element --->By.xpath: //button[text()='Ok'] was found
14:14:03  INFO  manager.MyListener - Start search element --->By.xpath: //button[text()='Ok']
14:14:03  INFO  manager.MyListener - The element --->By.xpath: //button[text()='Ok'] was found
14:14:03  INFO  tests.TestBase - The end of test --->loginSuccessWithModel
14:14:03  INFO  tests.TestBase - Start test --->loginSuccessWithSTR
14:14:03  INFO  manager.MyListener - Start search element --->By.xpath: //a[text()=' Log in ']
14:14:11  INFO  manager.MyListener - The element --->By.xpath: //a[text()=' Log in '] was found
14:14:11  INFO  manager.MyListener - Start search element --->By.xpath: //a[text()=' Logout ']
14:14:11  INFO  manager.MyListener - The element --->By.xpath: //a[text()=' Logout '] was found
14:14:11  INFO  tests.TestBase - Start with email -->noa@gmail.comWith password --->Nnoa12345$
14:14:11  INFO  manager.MyListener - Start search element --->By.xpath: //a[text()=' Log in ']
14:14:11  INFO  manager.MyListener - The element --->By.xpath: //a[text()=' Log in '] was found
14:14:11  INFO  manager.MyListener - Start search element --->By.id: email
14:14:11  INFO  manager.MyListener - The element --->By.id: email was found
14:14:11  INFO  manager.MyListener - Start search element --->By.id: password
14:14:11  INFO  manager.MyListener - The element --->By.id: password was found
14:14:11  INFO  manager.MyListener - Start search element --->By.cssSelector: [type='submit']
14:14:11  INFO  manager.MyListener - The element --->By.cssSelector: [type='submit'] was found
14:14:11  INFO  manager.MyListener - Start search element --->By.cssSelector: .dialog-container
14:14:12  INFO  manager.MyListener - The element --->By.cssSelector: .dialog-container was found
14:14:12  INFO  manager.MyListener - Start search element --->By.cssSelector: .dialog-container h2
14:14:12  INFO  manager.MyListener - The element --->By.cssSelector: .dialog-container h2 was found
14:14:12  INFO  manager.MyListener - Start search element --->By.xpath: //button[text()='Ok']
14:14:12  INFO  manager.MyListener - The element --->By.xpath: //button[text()='Ok'] was found
14:14:12  INFO  manager.MyListener - Start search element --->By.xpath: //button[text()='Ok']
14:14:12  INFO  manager.MyListener - The element --->By.xpath: //button[text()='Ok'] was found
14:14:12  INFO  tests.TestBase - The end of test --->loginSuccessWithSTR
14:14:12  INFO  tests.TestBase - Start test --->loginSuccessWithSTR
14:14:12  INFO  manager.MyListener - Start search element --->By.xpath: //a[text()=' Log in ']
14:14:20  INFO  manager.MyListener - The element --->By.xpath: //a[text()=' Log in '] was found
14:14:20  INFO  manager.MyListener - Start search element --->By.xpath: //a[text()=' Logout ']
14:14:20  INFO  manager.MyListener - The element --->By.xpath: //a[text()=' Logout '] was found
14:14:20  INFO  tests.TestBase - Start with email -->noa@gmail.comWith password --->Nnoa12345$
14:14:20  INFO  manager.MyListener - Start search element --->By.xpath: //a[text()=' Log in ']
14:14:20  INFO  manager.MyListener - The element --->By.xpath: //a[text()=' Log in '] was found
14:14:21  INFO  manager.MyListener - Start search element --->By.id: email
14:14:21  INFO  manager.MyListener - The element --->By.id: email was found
14:14:21  INFO  manager.MyListener - Start search element --->By.id: password
14:14:21  INFO  manager.MyListener - The element --->By.id: password was found
14:14:21  INFO  manager.MyListener - Start search element --->By.cssSelector: [type='submit']
14:14:21  INFO  manager.MyListener - The element --->By.cssSelector: [type='submit'] was found
14:14:21  INFO  manager.MyListener - Start search element --->By.cssSelector: .dialog-container
14:14:22  INFO  manager.MyListener - The element --->By.cssSelector: .dialog-container was found
14:14:22  INFO  manager.MyListener - Start search element --->By.cssSelector: .dialog-container h2
14:14:22  INFO  manager.MyListener - The element --->By.cssSelector: .dialog-container h2 was found
14:14:22  INFO  manager.MyListener - Start search element --->By.xpath: //button[text()='Ok']
14:14:22  INFO  manager.MyListener - The element --->By.xpath: //button[text()='Ok'] was found
14:14:22  INFO  manager.MyListener - Start search element --->By.xpath: //button[text()='Ok']
14:14:22  INFO  manager.MyListener - The element --->By.xpath: //button[text()='Ok'] was found
14:14:22  INFO  tests.TestBase - The end of test --->loginSuccessWithSTR
