19:59:21  INFO  manager.ApplicationManager - Tests starts on Chrome Driver
19:59:25  INFO  manager.ApplicationManager - Navigate to link ---> https://ilcarro.xyz/search
19:59:25  INFO  tests.TestBase - Start test --->searchTests
19:59:25  INFO  manager.MyListener - Start search element --->By.id: city
19:59:25  INFO  manager.MyListener - The element --->By.id: city was found
19:59:26  INFO  manager.MyListener - Start search element --->By.cssSelector: div.pac-item
19:59:26  INFO  manager.MyListener - The element --->By.cssSelector: div.pac-item was found
19:59:27  INFO  manager.MyListener - Start search element --->By.id: dates
19:59:27  INFO  manager.MyListener - The element --->By.id: dates was found
19:59:27  INFO  manager.MyListener - Start search element --->By.xpath: //div[.=' 25 ']
19:59:27  INFO  manager.MyListener - The element --->By.xpath: //div[.=' 25 '] was found
19:59:28  INFO  manager.MyListener - Start search element --->By.xpath: //button[@aria-label='Next month']
19:59:28  INFO  manager.MyListener - The element --->By.xpath: //button[@aria-label='Next month'] was found
19:59:28  INFO  manager.MyListener - Start search element --->By.xpath: //div[.=' 27 ']
19:59:28  INFO  manager.MyListener - The element --->By.xpath: //div[.=' 27 '] was found
19:59:28  INFO  manager.MyListener - Start search element --->By.cssSelector: [type='submit']
19:59:28  INFO  manager.MyListener - The element --->By.cssSelector: [type='submit'] was found
19:59:28  INFO  manager.MyListener - Start search element --->By.cssSelector: .cars-container
19:59:29  INFO  manager.MyListener - The element --->By.cssSelector: .cars-container was found
19:59:29  INFO  tests.TestBase - The end of test --->searchTests
19:59:29  INFO  tests.TestBase - Start test --->searchTests2
19:59:29  INFO  manager.MyListener - Start search element --->By.id: city
19:59:29  INFO  manager.MyListener - The element --->By.id: city was found
19:59:30  INFO  manager.MyListener - Start search element --->By.cssSelector: div.pac-item
19:59:30  INFO  manager.MyListener - The element --->By.cssSelector: div.pac-item was found
19:59:30  INFO  manager.MyListener - We have a throwable --> org.openqa.selenium.StaleElementReferenceException: stale element reference: element is not attached to the page document
  (Session info: chrome=96.0.4664.55)
For documentation on this error, please visit: https://www.seleniumhq.org/exceptions/stale_element_reference.html
Build info: version: '3.141.59', revision: 'e82be7d358', time: '2018-11-14T08:17:03'
System info: host: 'MacBook-Pro-Taya.local', ip: 'fe80:0:0:0:c0e:d786:7250:7b3a%en0', os.name: 'Mac OS X', os.arch: 'x86_64', os.version: '10.16', java.version: '1.8.0_151'
Driver info: org.openqa.selenium.chrome.ChromeDriver
Capabilities {acceptInsecureCerts: false, browserName: chrome, browserVersion: 96.0.4664.55, chrome: {chromedriverVersion: 95.0.4638.69 (6a1600ed572fe..., userDataDir: /var/folders/s_/hl4vhy0959g...}, goog:chromeOptions: {debuggerAddress: localhost:63067}, javascriptEnabled: true, networkConnectionEnabled: false, pageLoadStrategy: normal, platform: MAC, platformName: MAC, proxy: Proxy(), setWindowRect: true, strictFileInteractability: false, timeouts: {implicit: 0, pageLoad: 300000, script: 30000}, unhandledPromptBehavior: dismiss and notify, webauthn:extension:credBlob: true, webauthn:extension:largeBlob: true, webauthn:virtualAuthenticators: true}
Session ID: ccb27ea645f072fc1562ae86c3229db7
19:59:31  INFO  manager.MyListener - Screenshot with throwable -->src/test/screenshots/screenshot-3570.png
19:59:31  INFO  tests.TestBase - The end of test --->searchTests2
